#                                                                                           --- full sequence --- -------------- this domain -------------   hmm coord   ali coord   env coord
# target name                       accession   tlen query name           accession   qlen   E-value  score  bias   #  of  c-Evalue  i-Evalue  score  bias  from    to  from    to  from    to  acc description of target
#               ------------------- ---------- ----- -------------------- ---------- ----- --------- ------ ----- --- --- --------- --------- ------ ----- ----- ----- ----- ----- ----- ----- ---- ---------------------
NODE_24_length_1560_cov_2.859136_2  -            152 1502854at2           -            192   0.00014   18.6   0.1   1   1   1.3e-06   0.00025   17.8   0.1     4    41     2    38     1    40 0.89 # 1105 # 1560 # 1 # ID=24_2;partial=01;start_type=ATG;rbs_motif=GGAGG;rbs_spacer=5-10bp;gc_cont=0.377
NODE_1481_length_262_cov_1.086957_1 -             87 1502854at2           -            192     0.002   14.9   0.0   1   1   1.5e-05     0.003   14.2   0.0     8    27     1    20     1    27 0.87 # 1 # 261 # 1 # ID=1481_1;partial=11;start_type=Edge;rbs_motif=None;rbs_spacer=None;gc_cont=0.326
NODE_1424_length_271_cov_0.986111_1 -             89 1502854at2           -            192    0.0027   14.4   0.1   1   1   1.7e-05    0.0033   14.1   0.1     4    26    24    46    21    54 0.89 # 3 # 269 # -1 # ID=1424_1;partial=11;start_type=Edge;rbs_motif=None;rbs_spacer=None;gc_cont=0.307
NODE_1777_length_222_cov_1.347305_1 -             74 1502854at2           -            192    0.0039   13.9   0.0   1   1   2.4e-05    0.0048   13.6   0.0     4    32    10    38     7    46 0.84 # 1 # 222 # 1 # ID=1777_1;partial=11;start_type=Edge;rbs_motif=None;rbs_spacer=None;gc_cont=0.320
NODE_297_length_696_cov_1.544462_2  -            111 1502854at2           -            192     0.008   12.9   0.0   1   1   5.3e-05     0.011   12.5   0.0     8    27    31    50    26    64 0.80 # 364 # 696 # 1 # ID=297_2;partial=01;start_type=ATG;rbs_motif=GGA/GAG/AGG;rbs_spacer=5-10bp;gc_cont=0.303
NODE_702_length_445_cov_1.730769_1  -            148 1502854at2           -            192    0.0084   12.8   0.3   1   2       1.8   3.7e+02   -2.3   0.1   153   161    16    22     3    51 0.51 # 1 # 444 # -1 # ID=702_1;partial=11;start_type=Edge;rbs_motif=None;rbs_spacer=None;gc_cont=0.327
NODE_702_length_445_cov_1.730769_1  -            148 1502854at2           -            192    0.0084   12.8   0.3   2   2   9.2e-05     0.018   11.7   0.0     5    29    94   118    90   127 0.83 # 1 # 444 # -1 # ID=702_1;partial=11;start_type=Edge;rbs_motif=None;rbs_spacer=None;gc_cont=0.327
NODE_1811_length_219_cov_1.097561_1 -             72 1502854at2           -            192    0.0091   12.7   0.0   1   1   4.9e-05    0.0097   12.6   0.0     8    26    20    38    15    58 0.86 # 2 # 217 # -1 # ID=1811_1;partial=11;start_type=Edge;rbs_motif=None;rbs_spacer=None;gc_cont=0.310
NODE_928_length_372_cov_1.911672_1  -            124 1502854at2           -            192     0.011   12.4   0.1   1   2   0.00012     0.023   11.4   0.0     8    27     1    20     1    28 0.87 # 1 # 372 # -1 # ID=928_1;partial=11;start_type=Edge;rbs_motif=None;rbs_spacer=None;gc_cont=0.328
NODE_928_length_372_cov_1.911672_1  -            124 1502854at2           -            192     0.011   12.4   0.1   2   2       2.2   4.3e+02   -2.6   0.0    31    41   109   120    89   122 0.56 # 1 # 372 # -1 # ID=928_1;partial=11;start_type=Edge;rbs_motif=None;rbs_spacer=None;gc_cont=0.328
NODE_1210_length_309_cov_1.240157_1 -            103 1502854at2           -            192     0.015   12.0   0.1   1   1    0.0001      0.02   11.5   0.1     4    31    22    49    20    65 0.83 # 1 # 309 # 1 # ID=1210_1;partial=11;start_type=Edge;rbs_motif=None;rbs_spacer=None;gc_cont=0.298
NODE_1760_length_223_cov_1.875000_1 -             74 1502854at2           -            192     0.015   12.0   0.0   1   1    0.0001      0.02   11.6   0.0    11    34     2    27     1    33 0.77 # 1 # 222 # 1 # ID=1760_1;partial=11;start_type=Edge;rbs_motif=None;rbs_spacer=None;gc_cont=0.306
NODE_171_length_862_cov_2.980173_1  -            286 1502854at2           -            192     0.025   11.3   0.0   1   1   0.00023     0.045   10.4   0.0     6    27   139   160   135   169 0.88 # 3 # 860 # 1 # ID=171_1;partial=11;start_type=Edge;rbs_motif=None;rbs_spacer=None;gc_cont=0.322
NODE_689_length_449_cov_1.256345_1  -            149 1502854at2           -            192     0.043   10.5   1.4   1   2   0.00029     0.058   10.1   0.1     5    27     2    24     1    34 0.88 # 3 # 449 # 1 # ID=689_1;partial=11;start_type=Edge;rbs_motif=None;rbs_spacer=None;gc_cont=0.327
NODE_689_length_449_cov_1.256345_1  -            149 1502854at2           -            192     0.043   10.5   1.4   2   2      0.72   1.4e+02   -1.0   0.1    68    79    73    84    59   137 0.60 # 3 # 449 # 1 # ID=689_1;partial=11;start_type=Edge;rbs_motif=None;rbs_spacer=None;gc_cont=0.327
#
# Program:         hmmsearch
# Version:         3.4 (Aug 2023)
# Pipeline mode:   SEARCH
# Query file:      /home/users/jlsevigny1/nextflow-workflows/nigms-wgs/databases/busco_downloads/lineages/bacteria_odb10/hmms/1502854at2.hmm
# Target file:     /home/users/jlsevigny1/nextflow-workflows/nigms-wgs/work/83/aaba4c129b9b97852fcf68831d7538/output-busco/prodigal_output/predicted_genes/predicted.faa
# Option settings: hmmsearch --domtblout /home/users/jlsevigny1/nextflow-workflows/nigms-wgs/work/83/aaba4c129b9b97852fcf68831d7538/output-busco/run_bacteria_odb10/hmmer_output/1502854at2.out --cpu 1 /home/users/jlsevigny1/nextflow-workflows/nigms-wgs/databases/busco_downloads/lineages/bacteria_odb10/hmms/1502854at2.hmm /home/users/jlsevigny1/nextflow-workflows/nigms-wgs/work/83/aaba4c129b9b97852fcf68831d7538/output-busco/prodigal_output/predicted_genes/predicted.faa 
# Current dir:     /home/users/jlsevigny1/nextflow-workflows/nigms-wgs/work/83/aaba4c129b9b97852fcf68831d7538
# Date:            Mon Dec 16 15:34:46 2024
# [ok]
