#                                                                                           --- full sequence --- -------------- this domain -------------   hmm coord   ali coord   env coord
# target name                       accession   tlen query name           accession   qlen   E-value  score  bias   #  of  c-Evalue  i-Evalue  score  bias  from    to  from    to  from    to  acc description of target
#               ------------------- ---------- ----- -------------------- ---------- ----- --------- ------ ----- --- --- --------- --------- ------ ----- ----- ----- ----- ----- ----- ----- ---- ---------------------
NODE_153_length_912_cov_1.465578_1  -            303 182107at2            -            492   6.9e-87  289.0   2.7   1   1   3.9e-87   8.3e-85  282.1   2.7   207   439    12   303     5   303 0.86 # 3 # 911 # 1 # ID=153_1;partial=11;start_type=Edge;rbs_motif=None;rbs_spacer=None;gc_cont=0.345
NODE_1195_length_312_cov_1.750973_1 -            103 182107at2            -            492   6.8e-42  140.6   0.1   1   1   3.7e-44     8e-42  140.3   0.1    16   100    11   103     5   103 0.92 # 2 # 310 # -1 # ID=1195_1;partial=11;start_type=Edge;rbs_motif=None;rbs_spacer=None;gc_cont=0.350
NODE_4_length_2914_cov_2.611752_3   -            640 182107at2            -            492   1.4e-29   99.9   4.6   1   3   8.3e-26   1.8e-23   79.8   0.6     1   133     3   153     3   168 0.77 # 712 # 2631 # 1 # ID=4_3;partial=00;start_type=ATG;rbs_motif=AGGAG;rbs_spacer=5-10bp;gc_cont=0.405
NODE_4_length_2914_cov_2.611752_3   -            640 182107at2            -            492   1.4e-29   99.9   4.6   2   3   8.2e-07   0.00018   17.1   0.2   133   317   216   422   199   440 0.76 # 712 # 2631 # 1 # ID=4_3;partial=00;start_type=ATG;rbs_motif=AGGAG;rbs_spacer=5-10bp;gc_cont=0.405
NODE_4_length_2914_cov_2.611752_3   -            640 182107at2            -            492   1.4e-29   99.9   4.6   3   3      0.37        80   -1.5   0.0   318   340   531   553   519   570 0.84 # 712 # 2631 # 1 # ID=4_3;partial=00;start_type=ATG;rbs_motif=AGGAG;rbs_spacer=5-10bp;gc_cont=0.405
NODE_37_length_1394_cov_1.478715_1  -            464 182107at2            -            492   6.9e-28   94.4   0.1   1   3   1.3e-26   2.9e-24   82.4   0.0     1   130    16   163    16   188 0.85 # 1 # 1392 # 1 # ID=37_1;partial=11;start_type=Edge;rbs_motif=None;rbs_spacer=None;gc_cont=0.370
NODE_37_length_1394_cov_1.478715_1  -            464 182107at2            -            492   6.9e-28   94.4   0.1   2   3     0.078        17    0.7   0.0   137   161   267   291   246   295 0.86 # 1 # 1392 # 1 # ID=37_1;partial=11;start_type=Edge;rbs_motif=None;rbs_spacer=None;gc_cont=0.370
NODE_37_length_1394_cov_1.478715_1  -            464 182107at2            -            492   6.9e-28   94.4   0.1   3   3    0.0013      0.28    6.6   0.0   190   271   357   448   304   464 0.60 # 1 # 1392 # 1 # ID=37_1;partial=11;start_type=Edge;rbs_motif=None;rbs_spacer=None;gc_cont=0.370
NODE_724_length_436_cov_1.889764_1  -            144 182107at2            -            492   2.2e-22   76.2   0.2   1   1   1.5e-24   3.2e-22   75.7   0.2    49   132     5    88     2   137 0.86 # 3 # 434 # 1 # ID=724_1;partial=11;start_type=Edge;rbs_motif=None;rbs_spacer=None;gc_cont=0.370
NODE_103_length_1036_cov_2.239551_1 -            329 182107at2            -            492     4e-18   62.2   4.0   1   1     9e-20   1.9e-17   59.9   4.0     1   211     4   257     4   288 0.71 # 48 # 1034 # 1 # ID=103_1;partial=01;start_type=TTG;rbs_motif=GGAG/GAGG;rbs_spacer=5-10bp;gc_cont=0.368
NODE_1173_length_316_cov_1.896552_1 -            104 182107at2            -            492   4.7e-16   55.3   0.2   1   1   2.4e-18   5.2e-16   55.2   0.2    53   149     1   104     1   104 0.91 # 3 # 314 # -1 # ID=1173_1;partial=11;start_type=Edge;rbs_motif=None;rbs_spacer=None;gc_cont=0.394
NODE_1108_length_328_cov_1.153846_1 -            109 182107at2            -            492   0.00016   17.3   0.6   1   1   9.1e-07    0.0002   17.0   0.6   171   234     1    68     1    73 0.83 # 1 # 327 # 1 # ID=1108_1;partial=11;start_type=Edge;rbs_motif=None;rbs_spacer=None;gc_cont=0.364
NODE_352_length_645_cov_1.386441_1  -            214 182107at2            -            492    0.0018   13.8   0.0   1   1   9.6e-06    0.0021   13.6   0.0    66   148   127   213    52   214 0.81 # 2 # 643 # -1 # ID=352_1;partial=11;start_type=Edge;rbs_motif=None;rbs_spacer=None;gc_cont=0.344
NODE_1691_length_232_cov_1.016949_1 -             58 182107at2            -            492    0.0045   12.5   0.1   1   1   2.1e-05    0.0046   12.5   0.1     8    43    10    44     3    54 0.82 # 1 # 174 # -1 # ID=1691_1;partial=10;start_type=ATG;rbs_motif=GGA/GAG/AGG;rbs_spacer=5-10bp;gc_cont=0.270
NODE_623_length_477_cov_2.400474_1  -            158 182107at2            -            492    0.0082   11.7   0.1   1   1   6.2e-05     0.013   10.9   0.1   287   314     1    28     1    44 0.89 # 2 # 475 # -1 # ID=623_1;partial=11;start_type=Edge;rbs_motif=None;rbs_spacer=None;gc_cont=0.376
#
# Program:         hmmsearch
# Version:         3.4 (Aug 2023)
# Pipeline mode:   SEARCH
# Query file:      /home/users/jlsevigny1/nextflow-workflows/nigms-wgs/databases/busco_downloads/lineages/bacteria_odb10/hmms/182107at2.hmm
# Target file:     /home/users/jlsevigny1/nextflow-workflows/nigms-wgs/work/83/aaba4c129b9b97852fcf68831d7538/output-busco/prodigal_output/predicted_genes/predicted.faa
# Option settings: hmmsearch --domtblout /home/users/jlsevigny1/nextflow-workflows/nigms-wgs/work/83/aaba4c129b9b97852fcf68831d7538/output-busco/run_bacteria_odb10/hmmer_output/182107at2.out --cpu 1 /home/users/jlsevigny1/nextflow-workflows/nigms-wgs/databases/busco_downloads/lineages/bacteria_odb10/hmms/182107at2.hmm /home/users/jlsevigny1/nextflow-workflows/nigms-wgs/work/83/aaba4c129b9b97852fcf68831d7538/output-busco/prodigal_output/predicted_genes/predicted.faa 
# Current dir:     /home/users/jlsevigny1/nextflow-workflows/nigms-wgs/work/83/aaba4c129b9b97852fcf68831d7538
# Date:            Mon Dec 16 15:34:46 2024
# [ok]
