#                                                                                           --- full sequence --- -------------- this domain -------------   hmm coord   ali coord   env coord
# target name                       accession   tlen query name           accession   qlen   E-value  score  bias   #  of  c-Evalue  i-Evalue  score  bias  from    to  from    to  from    to  acc description of target
#               ------------------- ---------- ----- -------------------- ---------- ----- --------- ------ ----- --- --- --------- --------- ------ ----- ----- ----- ----- ----- ----- ----- ---- ---------------------
NODE_40_length_1383_cov_2.156627_1  -            457 430176at2            -            369  5.6e-172  569.1   0.2   1   1  3.3e-174  9.9e-172  568.3   0.2    10   369    41   455    37   455 0.91 # 12 # 1382 # 1 # ID=40_1;partial=01;start_type=ATG;rbs_motif=None;rbs_spacer=None;gc_cont=0.353
NODE_386_length_612_cov_1.696589_1  -            203 430176at2            -            369     1e-21   74.7   1.5   1   1   4.2e-24   1.2e-21   74.4   1.5    47   193    53   203    47   203 0.92 # 2 # 610 # -1 # ID=386_1;partial=11;start_type=Edge;rbs_motif=None;rbs_spacer=None;gc_cont=0.386
NODE_881_length_387_cov_1.487952_1  -            128 430176at2            -            369   4.9e-17   59.3   0.0   1   1   1.8e-19   5.3e-17   59.1   0.0   192   291     1   101     1   122 0.89 # 2 # 385 # -1 # ID=881_1;partial=11;start_type=Edge;rbs_motif=None;rbs_spacer=None;gc_cont=0.378
NODE_81_length_1136_cov_1.793710_2  -            257 430176at2            -            369   6.2e-12   42.5   0.0   1   1   2.6e-14   7.7e-12   42.2   0.0   138   333    17   220     5   244 0.83 # 365 # 1135 # 1 # ID=81_2;partial=01;start_type=GTG;rbs_motif=4Base/6BMM;rbs_spacer=13-15bp;gc_cont=0.383
NODE_81_length_1136_cov_1.793710_1  -            113 430176at2            -            369   7.8e-08   29.0   0.3   1   1   2.6e-08   7.8e-06   22.4   0.3    34   101    24   111    14   112 0.72 # 3 # 341 # 1 # ID=81_1;partial=10;start_type=Edge;rbs_motif=None;rbs_spacer=None;gc_cont=0.381
NODE_1010_length_347_cov_2.195205_1 -            115 430176at2            -            369   3.5e-05   20.3   0.0   1   1   1.3e-07   3.8e-05   20.1   0.0    74   184     1   113     1   115 0.87 # 1 # 345 # -1 # ID=1010_1;partial=11;start_type=Edge;rbs_motif=None;rbs_spacer=None;gc_cont=0.394
NODE_154_length_908_cov_1.745604_2  -            142 430176at2            -            369   0.00028   17.3   0.0   1   1     1e-06    0.0003   17.2   0.0   250   305    63   118    30   133 0.77 # 483 # 908 # -1 # ID=154_2;partial=01;start_type=Edge;rbs_motif=None;rbs_spacer=None;gc_cont=0.359
NODE_1464_length_264_cov_1.291866_1 -             87 430176at2            -            369     0.014   11.6   0.0   1   1   5.6e-05     0.017   11.4   0.0    87   109    11    33     3    48 0.84 # 2 # 262 # -1 # ID=1464_1;partial=11;start_type=Edge;rbs_motif=None;rbs_spacer=None;gc_cont=0.307
#
# Program:         hmmsearch
# Version:         3.4 (Aug 2023)
# Pipeline mode:   SEARCH
# Query file:      /home/users/jlsevigny1/nextflow-workflows/nigms-wgs/databases/busco_downloads/lineages/bacteria_odb10/hmms/430176at2.hmm
# Target file:     /home/users/jlsevigny1/nextflow-workflows/nigms-wgs/work/83/aaba4c129b9b97852fcf68831d7538/output-busco/prodigal_output/predicted_genes/predicted.faa
# Option settings: hmmsearch --domtblout /home/users/jlsevigny1/nextflow-workflows/nigms-wgs/work/83/aaba4c129b9b97852fcf68831d7538/output-busco/run_bacteria_odb10/hmmer_output/430176at2.out --cpu 1 /home/users/jlsevigny1/nextflow-workflows/nigms-wgs/databases/busco_downloads/lineages/bacteria_odb10/hmms/430176at2.hmm /home/users/jlsevigny1/nextflow-workflows/nigms-wgs/work/83/aaba4c129b9b97852fcf68831d7538/output-busco/prodigal_output/predicted_genes/predicted.faa 
# Current dir:     /home/users/jlsevigny1/nextflow-workflows/nigms-wgs/work/83/aaba4c129b9b97852fcf68831d7538
# Date:            Mon Dec 16 15:34:46 2024
# [ok]
