#                                                                                           --- full sequence --- -------------- this domain -------------   hmm coord   ali coord   env coord
# target name                       accession   tlen query name           accession   qlen   E-value  score  bias   #  of  c-Evalue  i-Evalue  score  bias  from    to  from    to  from    to  acc description of target
#               ------------------- ---------- ----- -------------------- ---------- ----- --------- ------ ----- --- --- --------- --------- ------ ----- ----- ----- ----- ----- ----- ----- ---- ---------------------
NODE_199_length_814_cov_1.532279_2  -            143 776861at2            -            618   2.8e-12   42.6   0.0   1   1   1.2e-14   3.4e-12   42.4   0.0    19   130    18   136     4   141 0.89 # 198 # 626 # -1 # ID=199_2;partial=00;start_type=ATG;rbs_motif=None;rbs_spacer=None;gc_cont=0.308
NODE_685_length_451_cov_2.126263_1  -            150 776861at2            -            618   5.1e-09   31.9   0.0   1   1   2.2e-11   6.6e-09   31.5   0.0   219   342    11   146     5   149 0.72 # 1 # 450 # -1 # ID=685_1;partial=11;start_type=Edge;rbs_motif=None;rbs_spacer=None;gc_cont=0.320
NODE_301_length_693_cov_1.399687_1  -            230 776861at2            -            618    0.0035   12.6   0.5   1   3    0.0016      0.46    5.6   0.1    25   132     8   123     1   129 0.63 # 3 # 692 # -1 # ID=301_1;partial=11;start_type=Edge;rbs_motif=None;rbs_spacer=None;gc_cont=0.355
NODE_301_length_693_cov_1.399687_1  -            230 776861at2            -            618    0.0035   12.6   0.5   2   3   0.00024     0.072    8.3   0.1   261   316   112   168   106   172 0.86 # 3 # 692 # -1 # ID=301_1;partial=11;start_type=Edge;rbs_motif=None;rbs_spacer=None;gc_cont=0.355
NODE_301_length_693_cov_1.399687_1  -            230 776861at2            -            618    0.0035   12.6   0.5   3   3    0.0086       2.5    3.1   0.1    25    66   148   189   144   203 0.84 # 3 # 692 # -1 # ID=301_1;partial=11;start_type=Edge;rbs_motif=None;rbs_spacer=None;gc_cont=0.355
NODE_534_length_522_cov_1.638116_1  -            173 776861at2            -            618    0.0066   11.7   0.1   1   1   2.8e-05    0.0083   11.4   0.1   393   433     8    48     2    62 0.85 # 2 # 520 # -1 # ID=534_1;partial=11;start_type=Edge;rbs_motif=None;rbs_spacer=None;gc_cont=0.349
NODE_504_length_537_cov_1.728216_2  -             81 776861at2            -            618     0.011   11.0   0.0   1   1   3.9e-05     0.012   10.9   0.0   403   429    23    49     6    53 0.78 # 293 # 535 # 1 # ID=504_2;partial=01;start_type=ATG;rbs_motif=None;rbs_spacer=None;gc_cont=0.313
NODE_702_length_445_cov_1.730769_1  -            148 776861at2            -            618     0.011   11.0   0.0   1   1   3.8e-05     0.011   10.9   0.0   401   435    88   122     9   125 0.70 # 1 # 444 # -1 # ID=702_1;partial=11;start_type=Edge;rbs_motif=None;rbs_spacer=None;gc_cont=0.327
NODE_1023_length_345_cov_1.737931_1 -            114 776861at2            -            618     0.025    9.8   0.0   1   1   8.4e-05     0.025    9.8   0.0   415   452     4    43     1    79 0.80 # 2 # 343 # 1 # ID=1023_1;partial=11;start_type=Edge;rbs_motif=None;rbs_spacer=None;gc_cont=0.304
NODE_24_length_1560_cov_2.859136_2  -            152 776861at2            -            618     0.037    9.2   0.3   1   1   0.00016     0.047    8.9   0.3   407   434     3    30     1    34 0.87 # 1105 # 1560 # 1 # ID=24_2;partial=01;start_type=ATG;rbs_motif=GGAGG;rbs_spacer=5-10bp;gc_cont=0.377
#
# Program:         hmmsearch
# Version:         3.4 (Aug 2023)
# Pipeline mode:   SEARCH
# Query file:      /home/users/jlsevigny1/nextflow-workflows/nigms-wgs/databases/busco_downloads/lineages/bacteria_odb10/hmms/776861at2.hmm
# Target file:     /home/users/jlsevigny1/nextflow-workflows/nigms-wgs/work/83/aaba4c129b9b97852fcf68831d7538/output-busco/prodigal_output/predicted_genes/predicted.faa
# Option settings: hmmsearch --domtblout /home/users/jlsevigny1/nextflow-workflows/nigms-wgs/work/83/aaba4c129b9b97852fcf68831d7538/output-busco/run_bacteria_odb10/hmmer_output/776861at2.out --cpu 1 /home/users/jlsevigny1/nextflow-workflows/nigms-wgs/databases/busco_downloads/lineages/bacteria_odb10/hmms/776861at2.hmm /home/users/jlsevigny1/nextflow-workflows/nigms-wgs/work/83/aaba4c129b9b97852fcf68831d7538/output-busco/prodigal_output/predicted_genes/predicted.faa 
# Current dir:     /home/users/jlsevigny1/nextflow-workflows/nigms-wgs/work/83/aaba4c129b9b97852fcf68831d7538
# Date:            Mon Dec 16 15:34:46 2024
# [ok]
