#                                                                                           --- full sequence --- -------------- this domain -------------   hmm coord   ali coord   env coord
# target name                       accession   tlen query name           accession   qlen   E-value  score  bias   #  of  c-Evalue  i-Evalue  score  bias  from    to  from    to  from    to  acc description of target
#               ------------------- ---------- ----- -------------------- ---------- ----- --------- ------ ----- --- --- --------- --------- ------ ----- ----- ----- ----- ----- ----- ----- ---- ---------------------
NODE_903_length_379_cov_1.944444_1  -            116 932854at2            -           1620   2.6e-31  105.0   0.1   1   1   1.2e-33   2.9e-31  104.9   0.1   302   416     1   114     1   115 0.97 # 1 # 348 # 1 # ID=903_1;partial=10;start_type=Edge;rbs_motif=None;rbs_spacer=None;gc_cont=0.342
NODE_1753_length_224_cov_1.331361_1 -             74 932854at2            -           1620   4.5e-25   84.4   0.1   1   1     2e-27   4.8e-25   84.3   0.1    69   142     1    74     1    74 0.98 # 3 # 224 # 1 # ID=1753_1;partial=11;start_type=Edge;rbs_motif=None;rbs_spacer=None;gc_cont=0.306
NODE_756_length_423_cov_2.535326_1  -             90 932854at2            -           1620   9.8e-13   43.5   0.5   1   1   2.4e-14   5.7e-12   41.0   0.5  1368  1477     2    90     1    90 0.79 # 1 # 270 # -1 # ID=756_1;partial=10;start_type=ATG;rbs_motif=GGA/GAG/AGG;rbs_spacer=5-10bp;gc_cont=0.341
NODE_946_length_367_cov_1.875000_1  -             56 932854at2            -           1620   4.5e-10   34.7   0.0   1   1     2e-12   4.7e-10   34.6   0.0     2    58     1    56     1    56 0.84 # 1 # 168 # -1 # ID=946_1;partial=10;start_type=ATG;rbs_motif=AGGAG;rbs_spacer=5-10bp;gc_cont=0.345
NODE_289_length_701_cov_1.942724_1  -            233 932854at2            -           1620   3.1e-09   31.9   0.1   1   1   1.7e-11   4.1e-09   31.5   0.1    81   184    86   195    81   198 0.89 # 2 # 700 # -1 # ID=289_1;partial=11;start_type=Edge;rbs_motif=None;rbs_spacer=None;gc_cont=0.345
NODE_1656_length_236_cov_1.342541_1 -             78 932854at2            -           1620   1.9e-08   29.3   0.0   1   1   7.9e-11   1.9e-08   29.3   0.0   922   991     2    75     1    78 0.77 # 3 # 236 # -1 # ID=1656_1;partial=11;start_type=Edge;rbs_motif=None;rbs_spacer=None;gc_cont=0.380
NODE_27_length_1530_cov_1.677966_1  -            380 932854at2            -           1620   5.4e-07   24.5   0.6   1   1   3.2e-09   7.6e-07   24.0   0.6    80   169    94   185    89   206 0.81 # 3 # 1142 # -1 # ID=27_1;partial=10;start_type=ATG;rbs_motif=GGAG/GAGG;rbs_spacer=5-10bp;gc_cont=0.372
NODE_907_length_378_cov_1.393189_1  -            125 932854at2            -           1620   5.7e-06   21.1   0.0   1   1   2.5e-08   5.9e-06   21.0   0.0   734   817    30   108    21   122 0.70 # 3 # 377 # 1 # ID=907_1;partial=11;start_type=Edge;rbs_motif=None;rbs_spacer=None;gc_cont=0.405
NODE_362_length_636_cov_2.013769_1  -            211 932854at2            -           1620   9.2e-05   17.1   0.0   1   1   5.3e-07   0.00013   16.6   0.0   100   202    13   114     2   119 0.93 # 2 # 634 # 1 # ID=362_1;partial=11;start_type=Edge;rbs_motif=None;rbs_spacer=None;gc_cont=0.384
NODE_523_length_527_cov_2.002119_1  -            139 932854at2            -           1620    0.0019   12.7   0.1   1   1   9.5e-06    0.0023   12.5   0.1   106   173     8    80     6    92 0.86 # 2 # 418 # -1 # ID=523_1;partial=10;start_type=ATG;rbs_motif=AGGAG;rbs_spacer=5-10bp;gc_cont=0.365
#
# Program:         hmmsearch
# Version:         3.4 (Aug 2023)
# Pipeline mode:   SEARCH
# Query file:      /home/users/jlsevigny1/nextflow-workflows/nigms-wgs/databases/busco_downloads/lineages/bacteria_odb10/hmms/932854at2.hmm
# Target file:     /home/users/jlsevigny1/nextflow-workflows/nigms-wgs/work/83/aaba4c129b9b97852fcf68831d7538/output-busco/prodigal_output/predicted_genes/predicted.faa
# Option settings: hmmsearch --domtblout /home/users/jlsevigny1/nextflow-workflows/nigms-wgs/work/83/aaba4c129b9b97852fcf68831d7538/output-busco/run_bacteria_odb10/hmmer_output/932854at2.out --cpu 1 /home/users/jlsevigny1/nextflow-workflows/nigms-wgs/databases/busco_downloads/lineages/bacteria_odb10/hmms/932854at2.hmm /home/users/jlsevigny1/nextflow-workflows/nigms-wgs/work/83/aaba4c129b9b97852fcf68831d7538/output-busco/prodigal_output/predicted_genes/predicted.faa 
# Current dir:     /home/users/jlsevigny1/nextflow-workflows/nigms-wgs/work/83/aaba4c129b9b97852fcf68831d7538
# Date:            Mon Dec 16 15:34:47 2024
# [ok]
