[bwa_index] Pack FASTA... 0.01 sec
[bwa_index] Construct BWT for the packed sequence...
[bwa_index] 0.14 seconds elapse.
[bwa_index] Update BWT... 0.00 sec
[bwa_index] Pack forward-only FASTA... 0.01 sec
[bwa_index] Construct SA from BWT and Occ... 0.05 sec
[main] Version: 0.7.18-r1243-dirty
[main] CMD: bwa index contigs.fasta
[main] Real time: 0.219 sec; CPU: 0.199 sec
[M::bwa_idx_load_from_disk] read 0 ALT contigs
samtools: /home/share/anaconda/envs/genomics/bin/../lib/libtinfow.so.6: no version information available (required by samtools)
samtools: /home/share/anaconda/envs/genomics/bin/../lib/libncursesw.so.6: no version information available (required by samtools)
samtools: /home/share/anaconda/envs/genomics/bin/../lib/libncursesw.so.6: no version information available (required by samtools)
samtools: /home/share/anaconda/envs/genomics/bin/../lib/libtinfow.so.6: no version information available (required by samtools)
samtools: /home/share/anaconda/envs/genomics/bin/../lib/libncursesw.so.6: no version information available (required by samtools)
samtools: /home/share/anaconda/envs/genomics/bin/../lib/libncursesw.so.6: no version information available (required by samtools)
[M::process] read 39520 sequences (3887558 bp)...
[M::mem_pestat] # candidate unique pairs for (FF, FR, RF, RR): (0, 13936, 3, 2)
[M::mem_pestat] skip orientation FF as there are not enough pairs
[M::mem_pestat] analyzing insert size distribution for orientation FR...
[M::mem_pestat] (25, 50, 75) percentile: (152, 199, 259)
[M::mem_pestat] low and high boundaries for computing mean and std.dev: (1, 473)
[M::mem_pestat] mean and std.dev: (207.78, 81.43)
[M::mem_pestat] low and high boundaries for proper pairs: (1, 580)
[M::mem_pestat] skip orientation RF as there are not enough pairs
[M::mem_pestat] skip orientation RR as there are not enough pairs
[M::mem_process_seqs] Processed 39520 reads in 1.175 CPU sec, 0.064 real sec
[main] Version: 0.7.18-r1243-dirty
[main] CMD: bwa mem -t 24 contigs.fasta trimmed_R1.fastq.gz trimmed_R2.fastq.gz
[main] Real time: 0.161 sec; CPU: 1.254 sec
[bam_sort_core] merging from 0 files and 24 in-memory blocks...
samtools: /home/share/anaconda/envs/genomics/bin/../lib/libtinfow.so.6: no version information available (required by samtools)
samtools: /home/share/anaconda/envs/genomics/bin/../lib/libncursesw.so.6: no version information available (required by samtools)
samtools: /home/share/anaconda/envs/genomics/bin/../lib/libncursesw.so.6: no version information available (required by samtools)
