WARNING: fastp uses up to 16 threads although you specified 24
Read1 before filtering:
total reads: 20000
total bases: 2000000
Q20 bases: 1985142(99.2571%)
Q30 bases: 1935605(96.7802%)

Read2 before filtering:
total reads: 20000
total bases: 2000000
Q20 bases: 1966277(98.3139%)
Q30 bases: 1911688(95.5844%)

Read1 after filtering:
total reads: 19760
total bases: 1943779
Q20 bases: 1932718(99.431%)
Q30 bases: 1889350(97.1998%)

Read2 after filtering:
total reads: 19760
total bases: 1943779
Q20 bases: 1928116(99.1942%)
Q30 bases: 1877483(96.5893%)

Filtering result:
reads passed filter: 39520
reads failed due to low quality: 480
reads failed due to too many N: 0
reads failed due to too short: 0
reads with adapter trimmed: 2652
bases trimmed due to adapters: 64800

Duplication rate: 0.06%

Insert size peak (evaluated by paired-end reads): 155

JSON report: fastp.json
HTML report: fastp.html

fastp -i testagain_1.fastq.gz -I testagain_2.fastq.gz -o trimmed_R1.fastq.gz -O trimmed_R2.fastq.gz --thread 24 
fastp v0.23.4, time used: 0 seconds
