#                                                                                           --- full sequence --- -------------- this domain -------------   hmm coord   ali coord   env coord
# target name                       accession   tlen query name           accession   qlen   E-value  score  bias   #  of  c-Evalue  i-Evalue  score  bias  from    to  from    to  from    to  acc description of target
#               ------------------- ---------- ----- -------------------- ---------- ----- --------- ------ ----- --- --- --------- --------- ------ ----- ----- ----- ----- ----- ----- ----- ---- ---------------------
NODE_726_length_435_cov_1.347368_1  -            144 1054741at2           -            333   1.9e-47  158.9   0.1   1   1   9.1e-50   2.2e-47  158.8   0.1    87   225     1   144     1   144 0.93 # 2 # 433 # -1 # ID=726_1;partial=11;start_type=Edge;rbs_motif=None;rbs_spacer=None;gc_cont=0.338
NODE_1440_length_268_cov_1.352113_1 -             81 1054741at2           -            333   3.1e-24   82.6   0.0   1   1   1.4e-26   3.4e-24   82.5   0.0     4    88     1    81     1    81 0.96 # 2 # 244 # -1 # ID=1440_1;partial=10;start_type=ATG;rbs_motif=AGGA;rbs_spacer=5-10bp;gc_cont=0.288
NODE_1682_length_232_cov_1.779661_1 -             77 1054741at2           -            333   9.6e-17   58.0   0.0   1   1   4.4e-19     1e-16   57.9   0.0   225   296     1    77     1    77 0.94 # 2 # 232 # -1 # ID=1682_1;partial=11;start_type=Edge;rbs_motif=None;rbs_spacer=None;gc_cont=0.364
NODE_962_length_363_cov_2.045455_1  -            121 1054741at2           -            333   3.1e-12   43.2   0.0   1   1   1.6e-14   3.7e-12   43.0   0.0     3   123     8   119     6   120 0.90 # 1 # 363 # 1 # ID=962_1;partial=11;start_type=Edge;rbs_motif=None;rbs_spacer=None;gc_cont=0.347
NODE_79_length_1149_cov_2.306216_2  -            225 1054741at2           -            333   7.8e-08   28.7   0.0   1   1   5.1e-10   1.2e-07   28.1   0.0     4    58     3    57     1    69 0.78 # 247 # 921 # -1 # ID=79_2;partial=00;start_type=ATG;rbs_motif=AGGA;rbs_spacer=5-10bp;gc_cont=0.339
NODE_1274_length_299_cov_1.106557_1 -             99 1054741at2           -            333   2.6e-07   27.0   0.2   1   1   1.3e-09   3.1e-07   26.8   0.2     3    41    26    65    24    98 0.67 # 1 # 297 # 1 # ID=1274_1;partial=11;start_type=Edge;rbs_motif=None;rbs_spacer=None;gc_cont=0.350
NODE_176_length_849_cov_1.565491_1  -            214 1054741at2           -            333    0.0005   16.2   0.1   1   2     4e-06   0.00094   15.3   0.0     4    71    26    90    23    95 0.84 # 1 # 642 # -1 # ID=176_1;partial=10;start_type=ATG;rbs_motif=GGA/GAG/AGG;rbs_spacer=5-10bp;gc_cont=0.358
NODE_176_length_849_cov_1.565491_1  -            214 1054741at2           -            333    0.0005   16.2   0.1   2   2       2.5   5.9e+02   -3.7   0.1   107   126   117   136   113   140 0.82 # 1 # 642 # -1 # ID=176_1;partial=10;start_type=ATG;rbs_motif=GGA/GAG/AGG;rbs_spacer=5-10bp;gc_cont=0.358
NODE_793_length_413_cov_1.290503_1  -            137 1054741at2           -            333    0.0033   13.5   0.0   1   2   5.3e-05     0.013   11.6   0.0    12    73     1    56     1    67 0.80 # 3 # 413 # 1 # ID=793_1;partial=11;start_type=Edge;rbs_motif=None;rbs_spacer=None;gc_cont=0.307
NODE_793_length_413_cov_1.290503_1  -            137 1054741at2           -            333    0.0033   13.5   0.0   2   2      0.26        61   -0.5   0.0   153   173   116   136   109   137 0.86 # 3 # 413 # 1 # ID=793_1;partial=11;start_type=Edge;rbs_motif=None;rbs_spacer=None;gc_cont=0.307
NODE_1909_length_210_cov_1.451613_1 -             70 1054741at2           -            333    0.0054   12.8   0.0   1   1   2.5e-05     0.006   12.7   0.0     3    37    24    59    22    69 0.76 # 1 # 210 # -1 # ID=1909_1;partial=11;start_type=Edge;rbs_motif=None;rbs_spacer=None;gc_cont=0.295
NODE_432_length_576_cov_2.355086_1  -             60 1054741at2           -            333     0.016   11.3   0.0   1   1   6.5e-05     0.016   11.3   0.0     2    40     2    38     1    57 0.78 # 3 # 182 # -1 # ID=432_1;partial=10;start_type=ATG;rbs_motif=GGA/GAG/AGG;rbs_spacer=5-10bp;gc_cont=0.322
#
# Program:         hmmsearch
# Version:         3.4 (Aug 2023)
# Pipeline mode:   SEARCH
# Query file:      /home/users/jlsevigny1/nextflow-workflows/nigms-wgs/databases/busco_downloads/lineages/bacteria_odb10/hmms/1054741at2.hmm
# Target file:     /home/users/jlsevigny1/nextflow-workflows/nigms-wgs/work/e6/ffff094d21d5775d3a9da2e17ddf4a/output-busco/prodigal_output/predicted_genes/predicted.faa
# Option settings: hmmsearch --domtblout /home/users/jlsevigny1/nextflow-workflows/nigms-wgs/work/e6/ffff094d21d5775d3a9da2e17ddf4a/output-busco/run_bacteria_odb10/hmmer_output/1054741at2.out --cpu 1 /home/users/jlsevigny1/nextflow-workflows/nigms-wgs/databases/busco_downloads/lineages/bacteria_odb10/hmms/1054741at2.hmm /home/users/jlsevigny1/nextflow-workflows/nigms-wgs/work/e6/ffff094d21d5775d3a9da2e17ddf4a/output-busco/prodigal_output/predicted_genes/predicted.faa 
# Current dir:     /home/users/jlsevigny1/nextflow-workflows/nigms-wgs/work/e6/ffff094d21d5775d3a9da2e17ddf4a
# Date:            Mon Dec 16 15:34:46 2024
# [ok]
