#                                                                                           --- full sequence --- -------------- this domain -------------   hmm coord   ali coord   env coord
# target name                       accession   tlen query name           accession   qlen   E-value  score  bias   #  of  c-Evalue  i-Evalue  score  bias  from    to  from    to  from    to  acc description of target
#               ------------------- ---------- ----- -------------------- ---------- ----- --------- ------ ----- --- --- --------- --------- ------ ----- ----- ----- ----- ----- ----- ----- ---- ---------------------
NODE_900_length_380_cov_1.898462_1  -            114 1074831at2           -            386   1.4e-16   57.7   0.0   1   1   8.7e-19   2.9e-16   56.6   0.0   310   385    19   111    11   112 0.83 # 37 # 378 # -1 # ID=900_1;partial=01;start_type=Edge;rbs_motif=None;rbs_spacer=None;gc_cont=0.319
NODE_689_length_449_cov_1.256345_1  -            149 1074831at2           -            386   0.00053   16.3   0.4   1   2     0.003         1    5.5   0.1    21    60     4    43     1    60 0.83 # 3 # 449 # 1 # ID=689_1;partial=11;start_type=Edge;rbs_motif=None;rbs_spacer=None;gc_cont=0.327
NODE_689_length_449_cov_1.256345_1  -            149 1074831at2           -            386   0.00053   16.3   0.4   2   2   0.00017     0.058    9.5   0.0   281   316   103   138    68   145 0.76 # 3 # 449 # 1 # ID=689_1;partial=11;start_type=Edge;rbs_motif=None;rbs_spacer=None;gc_cont=0.327
NODE_534_length_522_cov_1.638116_1  -            173 1074831at2           -            386    0.0017   14.6   0.0   1   2       1.2     4e+02   -3.1   0.1    24    37    27    40    18    47 0.79 # 2 # 520 # -1 # ID=534_1;partial=11;start_type=Edge;rbs_motif=None;rbs_spacer=None;gc_cont=0.349
NODE_534_length_522_cov_1.638116_1  -            173 1074831at2           -            386    0.0017   14.6   0.0   2   2   9.5e-06    0.0032   13.7   0.0   279   341   104   169    83   172 0.85 # 2 # 520 # -1 # ID=534_1;partial=11;start_type=Edge;rbs_motif=None;rbs_spacer=None;gc_cont=0.349
NODE_155_length_901_cov_1.726950_1  -            299 1074831at2           -            386     0.004   13.4   0.1   1   2     0.022       7.5    2.6   0.0   287   316    37    68    31    88 0.74 # 3 # 899 # -1 # ID=155_1;partial=11;start_type=Edge;rbs_motif=None;rbs_spacer=None;gc_cont=0.362
NODE_155_length_901_cov_1.726950_1  -            299 1074831at2           -            386     0.004   13.4   0.1   2   2   0.00035      0.12    8.5   0.0     8    37   167   199   160   220 0.74 # 3 # 899 # -1 # ID=155_1;partial=11;start_type=Edge;rbs_motif=None;rbs_spacer=None;gc_cont=0.362
NODE_1688_length_232_cov_1.271186_1 -             76 1074831at2           -            386    0.0074   12.5   0.0   1   1   2.5e-05    0.0085   12.3   0.0    16    41    17    42    12    54 0.88 # 3 # 230 # -1 # ID=1688_1;partial=11;start_type=Edge;rbs_motif=None;rbs_spacer=None;gc_cont=0.316
NODE_1811_length_219_cov_1.097561_1 -             72 1074831at2           -            386     0.018   11.2   0.0   1   1   6.5e-05     0.022   11.0   0.0    12    39     7    37     4    42 0.78 # 2 # 217 # -1 # ID=1811_1;partial=11;start_type=Edge;rbs_motif=None;rbs_spacer=None;gc_cont=0.310
NODE_1424_length_271_cov_0.986111_1 -             89 1074831at2           -            386     0.027   10.6   0.1   1   1   8.6e-05     0.029   10.5   0.1    22    42    28    48    12    63 0.83 # 3 # 269 # -1 # ID=1424_1;partial=11;start_type=Edge;rbs_motif=None;rbs_spacer=None;gc_cont=0.307
#
# Program:         hmmsearch
# Version:         3.4 (Aug 2023)
# Pipeline mode:   SEARCH
# Query file:      /home/users/jlsevigny1/nextflow-workflows/nigms-wgs/databases/busco_downloads/lineages/bacteria_odb10/hmms/1074831at2.hmm
# Target file:     /home/users/jlsevigny1/nextflow-workflows/nigms-wgs/work/e6/ffff094d21d5775d3a9da2e17ddf4a/output-busco/prodigal_output/predicted_genes/predicted.faa
# Option settings: hmmsearch --domtblout /home/users/jlsevigny1/nextflow-workflows/nigms-wgs/work/e6/ffff094d21d5775d3a9da2e17ddf4a/output-busco/run_bacteria_odb10/hmmer_output/1074831at2.out --cpu 1 /home/users/jlsevigny1/nextflow-workflows/nigms-wgs/databases/busco_downloads/lineages/bacteria_odb10/hmms/1074831at2.hmm /home/users/jlsevigny1/nextflow-workflows/nigms-wgs/work/e6/ffff094d21d5775d3a9da2e17ddf4a/output-busco/prodigal_output/predicted_genes/predicted.faa 
# Current dir:     /home/users/jlsevigny1/nextflow-workflows/nigms-wgs/work/e6/ffff094d21d5775d3a9da2e17ddf4a
# Date:            Mon Dec 16 15:34:46 2024
# [ok]
