#                                                                                           --- full sequence --- -------------- this domain -------------   hmm coord   ali coord   env coord
# target name                       accession   tlen query name           accession   qlen   E-value  score  bias   #  of  c-Evalue  i-Evalue  score  bias  from    to  from    to  from    to  acc description of target
#               ------------------- ---------- ----- -------------------- ---------- ----- --------- ------ ----- --- --- --------- --------- ------ ----- ----- ----- ----- ----- ----- ----- ---- ---------------------
NODE_126_length_973_cov_1.857298_2  -            268 143460at2            -            439   3.1e-61  204.5   0.2   1   1   4.1e-61   8.1e-59  196.5   0.2   261   439    18   252     1   252 0.82 # 168 # 971 # -1 # ID=126_2;partial=01;start_type=Edge;rbs_motif=None;rbs_spacer=None;gc_cont=0.378
NODE_724_length_436_cov_1.889764_1  -            144 143460at2            -            439   3.8e-42  141.6   0.6   1   1   6.3e-44   1.2e-41  139.9   0.6    53   155     6   134     2   139 0.85 # 3 # 434 # 1 # ID=724_1;partial=11;start_type=Edge;rbs_motif=None;rbs_spacer=None;gc_cont=0.370
NODE_4_length_2914_cov_2.611752_3   -            640 143460at2            -            439   8.1e-29   97.7   0.6   1   3   5.2e-29     1e-26   90.7   0.5     2   116     4   136     3   156 0.81 # 712 # 2631 # 1 # ID=4_3;partial=00;start_type=ATG;rbs_motif=AGGAG;rbs_spacer=5-10bp;gc_cont=0.405
NODE_4_length_2914_cov_2.611752_3   -            640 143460at2            -            439   8.1e-29   97.7   0.6   2   3      0.15        31    0.2   0.0   155   192   248   285   208   300 0.78 # 712 # 2631 # 1 # ID=4_3;partial=00;start_type=ATG;rbs_motif=AGGAG;rbs_spacer=5-10bp;gc_cont=0.405
NODE_4_length_2914_cov_2.611752_3   -            640 143460at2            -            439   8.1e-29   97.7   0.6   3   3     0.032       6.2    2.5   0.0   318   347   574   603   547   609 0.86 # 712 # 2631 # 1 # ID=4_3;partial=00;start_type=ATG;rbs_motif=AGGAG;rbs_spacer=5-10bp;gc_cont=0.405
NODE_37_length_1394_cov_1.478715_1  -            464 143460at2            -            439   2.7e-27   92.7   0.3   1   3   7.6e-28   1.5e-25   86.9   0.1     1   119    16   152    16   172 0.83 # 1 # 1392 # 1 # ID=37_1;partial=11;start_type=Edge;rbs_motif=None;rbs_spacer=None;gc_cont=0.370
NODE_37_length_1394_cov_1.478715_1  -            464 143460at2            -            439   2.7e-27   92.7   0.3   2   3     0.073        14    1.3   0.0   159   185   317   343   302   351 0.81 # 1 # 1392 # 1 # ID=37_1;partial=11;start_type=Edge;rbs_motif=None;rbs_spacer=None;gc_cont=0.370
NODE_37_length_1394_cov_1.478715_1  -            464 143460at2            -            439   2.7e-27   92.7   0.3   3   3      0.16        31    0.2   0.0   174   228   357   416   353   446 0.71 # 1 # 1392 # 1 # ID=37_1;partial=11;start_type=Edge;rbs_motif=None;rbs_spacer=None;gc_cont=0.370
NODE_103_length_1036_cov_2.239551_1 -            329 143460at2            -            439   4.5e-24   82.0   1.2   1   2   1.5e-24     3e-22   76.0   0.2     1   116     4   136     4   160 0.73 # 48 # 1034 # 1 # ID=103_1;partial=01;start_type=TTG;rbs_motif=GGAG/GAGG;rbs_spacer=5-10bp;gc_cont=0.368
NODE_103_length_1036_cov_2.239551_1 -            329 143460at2            -            439   4.5e-24   82.0   1.2   2   2    0.0056       1.1    4.9   0.0   138   195   184   247   182   258 0.62 # 48 # 1034 # 1 # ID=103_1;partial=01;start_type=TTG;rbs_motif=GGAG/GAGG;rbs_spacer=5-10bp;gc_cont=0.368
NODE_1195_length_312_cov_1.750973_1 -            103 143460at2            -            439     6e-19   65.2   0.0   1   1   3.6e-21   7.2e-19   64.9   0.0    26    93    16    93     2   102 0.83 # 2 # 310 # -1 # ID=1195_1;partial=11;start_type=Edge;rbs_motif=None;rbs_spacer=None;gc_cont=0.350
NODE_1108_length_328_cov_1.153846_1 -            109 143460at2            -            439   4.7e-13   45.7   1.4   1   2     2e-07     4e-05   19.6   0.3   165   222     1    54     1    57 0.81 # 1 # 327 # 1 # ID=1108_1;partial=11;start_type=Edge;rbs_motif=None;rbs_spacer=None;gc_cont=0.364
NODE_1108_length_328_cov_1.153846_1 -            109 143460at2            -            439   4.7e-13   45.7   1.4   2   2   1.5e-09     3e-07   26.6   0.1   194   239    55   108    49   109 0.85 # 1 # 327 # 1 # ID=1108_1;partial=11;start_type=Edge;rbs_motif=None;rbs_spacer=None;gc_cont=0.364
NODE_1173_length_316_cov_1.896552_1 -            104 143460at2            -            439   3.7e-11   39.5   0.1   1   1     2e-13     4e-11   39.4   0.1    56   116     1    64     1    85 0.84 # 3 # 314 # -1 # ID=1173_1;partial=11;start_type=Edge;rbs_motif=None;rbs_spacer=None;gc_cont=0.394
NODE_352_length_645_cov_1.386441_1  -            214 143460at2            -            439   1.5e-05   21.0   0.3   1   1   1.2e-07   2.4e-05   20.3   0.3     4   131    54   192    52   207 0.76 # 2 # 643 # -1 # ID=352_1;partial=11;start_type=Edge;rbs_motif=None;rbs_spacer=None;gc_cont=0.344
NODE_879_length_388_cov_1.573574_1  -            129 143460at2            -            439   0.00023   17.1   0.1   1   1   1.3e-06   0.00027   16.9   0.1    12   115     2   111     1   125 0.75 # 2 # 388 # -1 # ID=879_1;partial=11;start_type=Edge;rbs_motif=None;rbs_spacer=None;gc_cont=0.341
NODE_806_length_409_cov_1.398305_1  -            136 143460at2            -            439    0.0018   14.2   0.5   1   2      0.16        33    0.1   0.1    26    64    39    78    15    86 0.75 # 2 # 409 # -1 # ID=806_1;partial=11;start_type=Edge;rbs_motif=None;rbs_spacer=None;gc_cont=0.358
NODE_806_length_409_cov_1.398305_1  -            136 143460at2            -            439    0.0018   14.2   0.5   2   2   3.7e-05    0.0072   12.2   0.0     4    22    98   116    96   123 0.86 # 2 # 409 # -1 # ID=806_1;partial=11;start_type=Edge;rbs_motif=None;rbs_spacer=None;gc_cont=0.358
NODE_1691_length_232_cov_1.016949_1 -             58 143460at2            -            439    0.0073   12.1   0.0   1   1   4.1e-05    0.0081   12.0   0.0     7    45     9    41     2    49 0.81 # 1 # 174 # -1 # ID=1691_1;partial=10;start_type=ATG;rbs_motif=GGA/GAG/AGG;rbs_spacer=5-10bp;gc_cont=0.270
#
# Program:         hmmsearch
# Version:         3.4 (Aug 2023)
# Pipeline mode:   SEARCH
# Query file:      /home/users/jlsevigny1/nextflow-workflows/nigms-wgs/databases/busco_downloads/lineages/bacteria_odb10/hmms/143460at2.hmm
# Target file:     /home/users/jlsevigny1/nextflow-workflows/nigms-wgs/work/e6/ffff094d21d5775d3a9da2e17ddf4a/output-busco/prodigal_output/predicted_genes/predicted.faa
# Option settings: hmmsearch --domtblout /home/users/jlsevigny1/nextflow-workflows/nigms-wgs/work/e6/ffff094d21d5775d3a9da2e17ddf4a/output-busco/run_bacteria_odb10/hmmer_output/143460at2.out --cpu 1 /home/users/jlsevigny1/nextflow-workflows/nigms-wgs/databases/busco_downloads/lineages/bacteria_odb10/hmms/143460at2.hmm /home/users/jlsevigny1/nextflow-workflows/nigms-wgs/work/e6/ffff094d21d5775d3a9da2e17ddf4a/output-busco/prodigal_output/predicted_genes/predicted.faa 
# Current dir:     /home/users/jlsevigny1/nextflow-workflows/nigms-wgs/work/e6/ffff094d21d5775d3a9da2e17ddf4a
# Date:            Mon Dec 16 15:34:46 2024
# [ok]
