#                                                                                           --- full sequence --- -------------- this domain -------------   hmm coord   ali coord   env coord
# target name                       accession   tlen query name           accession   qlen   E-value  score  bias   #  of  c-Evalue  i-Evalue  score  bias  from    to  from    to  from    to  acc description of target
#               ------------------- ---------- ----- -------------------- ---------- ----- --------- ------ ----- --- --- --------- --------- ------ ----- ----- ----- ----- ----- ----- ----- ---- ---------------------
NODE_702_length_445_cov_1.730769_1  -            148 1827295at2           -             74   0.00052   17.0   0.0   1   2      0.38        81    0.4   0.0    50    62    61    73    55    84 0.72 # 1 # 444 # -1 # ID=702_1;partial=11;start_type=Edge;rbs_motif=None;rbs_spacer=None;gc_cont=0.327
NODE_702_length_445_cov_1.730769_1  -            148 1827295at2           -             74   0.00052   17.0   0.0   2   2     2e-05    0.0044   14.1   0.0     8    33    91   120    77   124 0.82 # 1 # 444 # -1 # ID=702_1;partial=11;start_type=Edge;rbs_motif=None;rbs_spacer=None;gc_cont=0.327
NODE_1424_length_271_cov_0.986111_1 -             89 1827295at2           -             74    0.0012   15.8   0.0   1   1   7.8e-06    0.0017   15.4   0.0     8    29    21    47     8    54 0.80 # 3 # 269 # -1 # ID=1424_1;partial=11;start_type=Edge;rbs_motif=None;rbs_spacer=None;gc_cont=0.307
NODE_1371_length_279_cov_1.205357_1 -             93 1827295at2           -             74    0.0021   15.1   0.0   1   1   1.3e-05    0.0027   14.7   0.0     8    33    31    59    18    71 0.84 # 1 # 279 # 1 # ID=1371_1;partial=11;start_type=Edge;rbs_motif=None;rbs_spacer=None;gc_cont=0.366
NODE_171_length_862_cov_2.980173_1  -            286 1827295at2           -             74    0.0041   14.2   0.0   1   2     7e-05     0.015   12.3   0.0     9    30   140   161   126   166 0.81 # 3 # 860 # 1 # ID=171_1;partial=11;start_type=Edge;rbs_motif=None;rbs_spacer=None;gc_cont=0.322
NODE_171_length_862_cov_2.980173_1  -            286 1827295at2           -             74    0.0041   14.2   0.0   2   2       2.1   4.5e+02   -2.0   0.0    18    38   225   245   211   247 0.80 # 3 # 860 # 1 # ID=171_1;partial=11;start_type=Edge;rbs_motif=None;rbs_spacer=None;gc_cont=0.322
NODE_1811_length_219_cov_1.097561_1 -             72 1827295at2           -             74    0.0053   13.8   0.0   1   1   3.4e-05    0.0073   13.4   0.0     6    33    13    43     8    47 0.79 # 2 # 217 # -1 # ID=1811_1;partial=11;start_type=Edge;rbs_motif=None;rbs_spacer=None;gc_cont=0.310
NODE_137_length_950_cov_1.543017_1  -            316 1827295at2           -             74    0.0095   13.0   0.0   1   1    0.0001     0.022   11.8   0.0     8    37    47    80    38    89 0.81 # 2 # 949 # -1 # ID=137_1;partial=11;start_type=Edge;rbs_motif=None;rbs_spacer=None;gc_cont=0.368
NODE_1688_length_232_cov_1.271186_1 -             76 1827295at2           -             74     0.013   12.5   0.0   1   1   8.5e-05     0.018   12.1   0.0     8    32    18    45     4    52 0.81 # 3 # 230 # -1 # ID=1688_1;partial=11;start_type=Edge;rbs_motif=None;rbs_spacer=None;gc_cont=0.316
NODE_666_length_461_cov_1.440887_1  -            153 1827295at2           -             74     0.015   12.4   0.0   1   1   0.00014      0.03   11.4   0.0     7    31    80   106    71   118 0.82 # 3 # 461 # 1 # ID=666_1;partial=11;start_type=Edge;rbs_motif=None;rbs_spacer=None;gc_cont=0.301
NODE_1210_length_309_cov_1.240157_1 -            103 1827295at2           -             74     0.015   12.4   0.1   1   1   0.00011     0.024   11.7   0.1     9    33    25    49    12    54 0.82 # 1 # 309 # 1 # ID=1210_1;partial=11;start_type=Edge;rbs_motif=None;rbs_spacer=None;gc_cont=0.298
NODE_24_length_1560_cov_2.859136_2  -            152 1827295at2           -             74     0.016   12.2   0.0   1   2   0.00022     0.047   10.8   0.0     9    33     5    29     1    58 0.79 # 1105 # 1560 # 1 # ID=24_2;partial=01;start_type=ATG;rbs_motif=GGAGG;rbs_spacer=5-10bp;gc_cont=0.377
NODE_24_length_1560_cov_2.859136_2  -            152 1827295at2           -             74     0.016   12.2   0.0   2   2       5.4   1.2e+03   -3.3   0.0    52    62   132   141   129   147 0.62 # 1105 # 1560 # 1 # ID=24_2;partial=01;start_type=ATG;rbs_motif=GGAGG;rbs_spacer=5-10bp;gc_cont=0.377
NODE_1464_length_264_cov_1.291866_1 -             87 1827295at2           -             74      0.02   11.9   0.0   1   1   0.00013     0.029   11.5   0.0     9    33     9    33     1    37 0.83 # 2 # 262 # -1 # ID=1464_1;partial=11;start_type=Edge;rbs_motif=None;rbs_spacer=None;gc_cont=0.307
#
# Program:         hmmsearch
# Version:         3.4 (Aug 2023)
# Pipeline mode:   SEARCH
# Query file:      /home/users/jlsevigny1/nextflow-workflows/nigms-wgs/databases/busco_downloads/lineages/bacteria_odb10/hmms/1827295at2.hmm
# Target file:     /home/users/jlsevigny1/nextflow-workflows/nigms-wgs/work/e6/ffff094d21d5775d3a9da2e17ddf4a/output-busco/prodigal_output/predicted_genes/predicted.faa
# Option settings: hmmsearch --domtblout /home/users/jlsevigny1/nextflow-workflows/nigms-wgs/work/e6/ffff094d21d5775d3a9da2e17ddf4a/output-busco/run_bacteria_odb10/hmmer_output/1827295at2.out --cpu 1 /home/users/jlsevigny1/nextflow-workflows/nigms-wgs/databases/busco_downloads/lineages/bacteria_odb10/hmms/1827295at2.hmm /home/users/jlsevigny1/nextflow-workflows/nigms-wgs/work/e6/ffff094d21d5775d3a9da2e17ddf4a/output-busco/prodigal_output/predicted_genes/predicted.faa 
# Current dir:     /home/users/jlsevigny1/nextflow-workflows/nigms-wgs/work/e6/ffff094d21d5775d3a9da2e17ddf4a
# Date:            Mon Dec 16 15:34:46 2024
# [ok]
