#                                                                                           --- full sequence --- -------------- this domain -------------   hmm coord   ali coord   env coord
# target name                       accession   tlen query name           accession   qlen   E-value  score  bias   #  of  c-Evalue  i-Evalue  score  bias  from    to  from    to  from    to  acc description of target
#               ------------------- ---------- ----- -------------------- ---------- ----- --------- ------ ----- --- --- --------- --------- ------ ----- ----- ----- ----- ----- ----- ----- ---- ---------------------
NODE_137_length_950_cov_1.543017_1  -            316 874197at2            -            274  4.7e-110  364.2   0.2   1   1  2.7e-112  5.8e-110  363.9   0.2     1   272    16   315    16   316 0.90 # 2 # 949 # -1 # ID=137_1;partial=11;start_type=Edge;rbs_motif=None;rbs_spacer=None;gc_cont=0.368
NODE_702_length_445_cov_1.730769_1  -            148 874197at2            -            274   3.3e-05   20.3   0.0   1   1     2e-07   4.4e-05   19.9   0.0    33    72    93   132    68   140 0.72 # 1 # 444 # -1 # ID=702_1;partial=11;start_type=Edge;rbs_motif=None;rbs_spacer=None;gc_cont=0.327
NODE_666_length_461_cov_1.440887_1  -            153 874197at2            -            274   0.00039   16.8   0.0   1   1   2.7e-06   0.00058   16.2   0.0    33    95    81   153    68   153 0.77 # 3 # 461 # 1 # ID=666_1;partial=11;start_type=Edge;rbs_motif=None;rbs_spacer=None;gc_cont=0.301
NODE_534_length_522_cov_1.638116_1  -            173 874197at2            -            274   0.00043   16.6   0.1   1   1   2.2e-06   0.00047   16.5   0.1    31    60    19    48    10   126 0.86 # 2 # 520 # -1 # ID=534_1;partial=11;start_type=Edge;rbs_motif=None;rbs_spacer=None;gc_cont=0.349
NODE_1371_length_279_cov_1.205357_1 -             93 874197at2            -            274   0.00082   15.7   0.0   1   1   3.9e-06   0.00085   15.7   0.0    12    65     2    64     1    91 0.66 # 1 # 279 # 1 # ID=1371_1;partial=11;start_type=Edge;rbs_motif=None;rbs_spacer=None;gc_cont=0.366
NODE_154_length_908_cov_1.745604_1  -            159 874197at2            -            274   0.00083   15.7   0.0   1   2   2.3e-05     0.005   13.1   0.0     5    80    10    82     6   126 0.69 # 3 # 479 # -1 # ID=154_1;partial=10;start_type=ATG;rbs_motif=GGA/GAG/AGG;rbs_spacer=5-10bp;gc_cont=0.375
NODE_154_length_908_cov_1.745604_1  -            159 874197at2            -            274   0.00083   15.7   0.0   2   2     0.045       9.8    2.3   0.0    45   100    73   132    66   144 0.61 # 3 # 479 # -1 # ID=154_1;partial=10;start_type=ATG;rbs_motif=GGA/GAG/AGG;rbs_spacer=5-10bp;gc_cont=0.375
NODE_24_length_1560_cov_2.859136_2  -            152 874197at2            -            274    0.0015   14.9   0.0   1   1   1.1e-05    0.0023   14.2   0.0    38    62     7    31     2    39 0.85 # 1105 # 1560 # 1 # ID=24_2;partial=01;start_type=ATG;rbs_motif=GGAGG;rbs_spacer=5-10bp;gc_cont=0.377
NODE_508_length_534_cov_1.503132_2  -            121 874197at2            -            274    0.0015   14.8   0.1   1   1   8.3e-06    0.0018   14.6   0.1    38    73     5    40     1    68 0.88 # 170 # 532 # 1 # ID=508_2;partial=01;start_type=ATG;rbs_motif=GGAG/GAGG;rbs_spacer=5-10bp;gc_cont=0.358
NODE_1424_length_271_cov_0.986111_1 -             89 874197at2            -            274     0.014   11.7   0.0   1   1     7e-05     0.015   11.6   0.0    24    58    15    49     5    60 0.80 # 3 # 269 # -1 # ID=1424_1;partial=11;start_type=Edge;rbs_motif=None;rbs_spacer=None;gc_cont=0.307
NODE_1757_length_224_cov_0.798817_1 -             74 874197at2            -            274     0.023   11.0   0.0   1   1    0.0001     0.023   11.0   0.0    32    58    15    41     3    66 0.83 # 2 # 223 # -1 # ID=1757_1;partial=11;start_type=Edge;rbs_motif=None;rbs_spacer=None;gc_cont=0.365
NODE_1273_length_299_cov_2.426230_1 -             99 874197at2            -            274     0.023   11.0   0.0   1   1   0.00011     0.024   10.9   0.0    29    51    30    52    13    73 0.74 # 2 # 298 # 1 # ID=1273_1;partial=11;start_type=Edge;rbs_motif=None;rbs_spacer=None;gc_cont=0.269
#
# Program:         hmmsearch
# Version:         3.4 (Aug 2023)
# Pipeline mode:   SEARCH
# Query file:      /home/users/jlsevigny1/nextflow-workflows/nigms-wgs/databases/busco_downloads/lineages/bacteria_odb10/hmms/874197at2.hmm
# Target file:     /home/users/jlsevigny1/nextflow-workflows/nigms-wgs/work/e6/ffff094d21d5775d3a9da2e17ddf4a/output-busco/prodigal_output/predicted_genes/predicted.faa
# Option settings: hmmsearch --domtblout /home/users/jlsevigny1/nextflow-workflows/nigms-wgs/work/e6/ffff094d21d5775d3a9da2e17ddf4a/output-busco/run_bacteria_odb10/hmmer_output/874197at2.out --cpu 1 /home/users/jlsevigny1/nextflow-workflows/nigms-wgs/databases/busco_downloads/lineages/bacteria_odb10/hmms/874197at2.hmm /home/users/jlsevigny1/nextflow-workflows/nigms-wgs/work/e6/ffff094d21d5775d3a9da2e17ddf4a/output-busco/prodigal_output/predicted_genes/predicted.faa 
# Current dir:     /home/users/jlsevigny1/nextflow-workflows/nigms-wgs/work/e6/ffff094d21d5775d3a9da2e17ddf4a
# Date:            Mon Dec 16 15:34:46 2024
# [ok]
