#                                                                                           --- full sequence --- -------------- this domain -------------   hmm coord   ali coord   env coord
# target name                       accession   tlen query name           accession   qlen   E-value  score  bias   #  of  c-Evalue  i-Evalue  score  bias  from    to  from    to  from    to  acc description of target
#               ------------------- ---------- ----- -------------------- ---------- ----- --------- ------ ----- --- --- --------- --------- ------ ----- ----- ----- ----- ----- ----- ----- ---- ---------------------
NODE_879_length_388_cov_1.573574_1  -            129 984717at2            -            224   1.4e-25   87.2   0.3   1   1   7.2e-28   1.7e-25   86.9   0.3     9   108     1   113     1   126 0.78 # 2 # 388 # -1 # ID=879_1;partial=11;start_type=Edge;rbs_motif=None;rbs_spacer=None;gc_cont=0.341
NODE_970_length_360_cov_1.475410_1  -            119 984717at2            -            224   3.8e-17   59.6   2.3   1   1   9.4e-19   2.2e-16   57.1   2.3   124   215    13   119     3   119 0.84 # 3 # 359 # -1 # ID=970_1;partial=11;start_type=Edge;rbs_motif=None;rbs_spacer=None;gc_cont=0.325
NODE_352_length_645_cov_1.386441_1  -            214 984717at2            -            224   9.7e-13   45.2   0.4   1   1   6.6e-15   1.6e-12   44.5   0.4     2    92    54   152    53   183 0.74 # 2 # 643 # -1 # ID=352_1;partial=11;start_type=Edge;rbs_motif=None;rbs_spacer=None;gc_cont=0.344
NODE_759_length_422_cov_2.209809_2  -            100 984717at2            -            224   4.9e-07   26.6   0.0   1   1   2.6e-09   6.1e-07   26.3   0.0     2    87     6    96     5    99 0.74 # 121 # 420 # 1 # ID=759_2;partial=01;start_type=ATG;rbs_motif=None;rbs_spacer=None;gc_cont=0.297
NODE_984_length_356_cov_1.794020_1  -            118 984717at2            -            224   3.3e-05   20.6   0.0   1   1   2.4e-07   5.6e-05   19.8   0.0     2    42     3    43     2    73 0.85 # 2 # 355 # -1 # ID=984_1;partial=11;start_type=Edge;rbs_motif=None;rbs_spacer=None;gc_cont=0.288
NODE_1257_length_302_cov_1.396761_1 -             57 984717at2            -            224     6e-05   19.7   0.1   1   1   2.5e-07     6e-05   19.7   0.1     2    26     5    29     4    47 0.83 # 3 # 173 # -1 # ID=1257_1;partial=10;start_type=ATG;rbs_motif=AGGA;rbs_spacer=5-10bp;gc_cont=0.351
NODE_1747_length_224_cov_1.970414_1 -             74 984717at2            -            224   0.00027   17.6   0.1   1   1   1.3e-06    0.0003   17.4   0.1    50   103    10    67     4    72 0.79 # 3 # 224 # 1 # ID=1747_1;partial=11;start_type=Edge;rbs_motif=None;rbs_spacer=None;gc_cont=0.288
NODE_1105_length_329_cov_1.127737_1 -            109 984717at2            -            224    0.0054   13.3   0.0   1   1   3.2e-05    0.0077   12.8   0.0     2    22    36    56    35    60 0.94 # 1 # 327 # -1 # ID=1105_1;partial=11;start_type=Edge;rbs_motif=None;rbs_spacer=None;gc_cont=0.315
NODE_1006_length_349_cov_1.071429_1 -            116 984717at2            -            224     0.016   11.9   0.2   1   1   0.00015     0.036   10.6   0.2    51    90     1    41     1    88 0.76 # 1 # 348 # -1 # ID=1006_1;partial=11;start_type=Edge;rbs_motif=None;rbs_spacer=None;gc_cont=0.307
NODE_1485_length_261_cov_1.310680_1 -             86 984717at2            -            224     0.018   11.6   0.0   1   1     9e-05     0.021   11.4   0.0     2    22    18    38    17    53 0.90 # 2 # 259 # -1 # ID=1485_1;partial=11;start_type=Edge;rbs_motif=None;rbs_spacer=None;gc_cont=0.306
#
# Program:         hmmsearch
# Version:         3.4 (Aug 2023)
# Pipeline mode:   SEARCH
# Query file:      /home/users/jlsevigny1/nextflow-workflows/nigms-wgs/databases/busco_downloads/lineages/bacteria_odb10/hmms/984717at2.hmm
# Target file:     /home/users/jlsevigny1/nextflow-workflows/nigms-wgs/work/e6/ffff094d21d5775d3a9da2e17ddf4a/output-busco/prodigal_output/predicted_genes/predicted.faa
# Option settings: hmmsearch --domtblout /home/users/jlsevigny1/nextflow-workflows/nigms-wgs/work/e6/ffff094d21d5775d3a9da2e17ddf4a/output-busco/run_bacteria_odb10/hmmer_output/984717at2.out --cpu 1 /home/users/jlsevigny1/nextflow-workflows/nigms-wgs/databases/busco_downloads/lineages/bacteria_odb10/hmms/984717at2.hmm /home/users/jlsevigny1/nextflow-workflows/nigms-wgs/work/e6/ffff094d21d5775d3a9da2e17ddf4a/output-busco/prodigal_output/predicted_genes/predicted.faa 
# Current dir:     /home/users/jlsevigny1/nextflow-workflows/nigms-wgs/work/e6/ffff094d21d5775d3a9da2e17ddf4a
# Date:            Mon Dec 16 15:34:46 2024
# [ok]
